[22-Dec-2025 06:52:37 UTC] 虎皮椒支付 is_available() 被调用
[22-Dec-2025 06:52:37 UTC] 父类返回：true
[22-Dec-2025 06:52:37 UTC] 当前网关enabled：yes
[22-Dec-2025 06:52:37 UTC] 当前货币：CNY
[22-Dec-2025 06:52:37 UTC] 订单金额：0.01
[22-Dec-2025 06:52:37 UTC] 虎皮椒支付网关最终可用性：true
[22-Dec-2025 06:52:38 UTC] 虎皮椒支付 is_available() 被调用
[22-Dec-2025 06:52:38 UTC] 父类返回：true
[22-Dec-2025 06:52:38 UTC] 当前网关enabled：yes
[22-Dec-2025 06:52:38 UTC] 当前货币：CNY
[22-Dec-2025 06:52:38 UTC] 订单金额：0.01
[22-Dec-2025 06:52:38 UTC] 虎皮椒支付网关最终可用性：true
[22-Dec-2025 06:57:12 UTC] 虎皮椒支付 is_available() 被调用
[22-Dec-2025 06:57:12 UTC] 父类返回：true
[22-Dec-2025 06:57:12 UTC] 当前网关enabled：yes
[22-Dec-2025 06:57:12 UTC] 当前货币：CNY
[22-Dec-2025 06:57:12 UTC] 订单金额：0.01
[22-Dec-2025 06:57:12 UTC] 虎皮椒支付网关最终可用性：true
[22-Dec-2025 06:57:55 UTC] 虎皮椒支付 is_available() 被调用
[22-Dec-2025 06:57:55 UTC] 父类返回：true
[22-Dec-2025 06:57:55 UTC] 当前网关enabled：yes
[22-Dec-2025 06:57:55 UTC] 当前货币：CNY
[22-Dec-2025 06:57:55 UTC] 订单金额：无购物车
[22-Dec-2025 06:57:55 UTC] 虎皮椒支付 is_available() 被调用
[22-Dec-2025 06:57:55 UTC] 父类返回：true
[22-Dec-2025 06:57:55 UTC] 当前网关enabled：yes
[22-Dec-2025 06:57:55 UTC] 当前货币：CNY
[22-Dec-2025 06:57:55 UTC] 订单金额：无购物车
[22-Dec-2025 06:59:06 UTC] 虎皮椒支付 is_available() 被调用
[22-Dec-2025 06:59:06 UTC] 父类返回：true
[22-Dec-2025 06:59:06 UTC] 当前网关enabled：yes
[22-Dec-2025 06:59:06 UTC] 当前货币：CNY
[22-Dec-2025 06:59:06 UTC] 订单金额：0.01
[22-Dec-2025 06:59:06 UTC] 虎皮椒支付网关最终可用性：true
[22-Dec-2025 06:59:08 UTC] 虎皮椒支付 is_available() 被调用
[22-Dec-2025 06:59:08 UTC] 父类返回：true
[22-Dec-2025 06:59:08 UTC] 当前网关enabled：yes
[22-Dec-2025 06:59:08 UTC] 当前货币：CNY
[22-Dec-2025 06:59:08 UTC] 订单金额：0.01
[22-Dec-2025 06:59:08 UTC] 虎皮椒支付网关最终可用性：true
[22-Dec-2025 07:54:29 UTC] PHP Warning:  Undefined array key "payment_url" in /var/www/html/wp-content/plugins/hupijiao-payment/hupijiao-payment.php on line 199
[22-Dec-2025 07:55:23 UTC] PHP Warning:  Undefined array key "payment_url" in /var/www/html/wp-content/plugins/hupijiao-payment/hupijiao-payment.php on line 199
[22-Dec-2025 07:59:07 UTC] PHP Warning:  Undefined variable $result in /var/www/html/wp-content/plugins/hupijiao-payment/includes/Payment.php on line 66
[22-Dec-2025 07:59:07 UTC] PHP Warning:  Trying to access array offset on value of type null in /var/www/html/wp-content/plugins/hupijiao-payment/includes/Payment.php on line 66
[22-Dec-2025 08:05:56 UTC] PHP Warning:  Undefined variable $result in /var/www/html/wp-content/plugins/hupijiao-payment/includes/Payment.php on line 66
[22-Dec-2025 08:05:56 UTC] PHP Warning:  Trying to access array offset on value of type null in /var/www/html/wp-content/plugins/hupijiao-payment/includes/Payment.php on line 66
[22-Dec-2025 08:07:17 UTC] PHP Warning:  Undefined variable $result in /var/www/html/wp-content/plugins/hupijiao-payment/includes/Payment.php on line 66
[22-Dec-2025 08:07:17 UTC] PHP Warning:  Trying to access array offset on value of type null in /var/www/html/wp-content/plugins/hupijiao-payment/includes/Payment.php on line 66
[22-Dec-2025 08:43:14 UTC] PHP Warning:  mysqli_real_connect(): php_network_getaddresses: getaddrinfo failed: Temporary failure in name resolution in /var/www/html/wp-includes/class-wpdb.php on line 1994
[22-Dec-2025 08:43:19 UTC] PHP Warning:  mysqli_real_connect(): (HY000/2002): php_network_getaddresses: getaddrinfo failed: Temporary failure in name resolution in /var/www/html/wp-includes/class-wpdb.php on line 1994
[22-Dec-2025 08:47:16 UTC] PHP Warning:  mysqli_real_connect(): php_network_getaddresses: getaddrinfo failed: Temporary failure in name resolution in /var/www/html/wp-includes/class-wpdb.php on line 1994
[22-Dec-2025 08:47:22 UTC] PHP Warning:  mysqli_real_connect(): (HY000/2002): php_network_getaddresses: getaddrinfo failed: Temporary failure in name resolution in /var/www/html/wp-includes/class-wpdb.php on line 1994
[22-Dec-2025 08:50:46 UTC] 虎皮椒支付 is_available() 被调用
[22-Dec-2025 08:50:46 UTC] 父类返回：true
[22-Dec-2025 08:50:46 UTC] 当前网关enabled：yes
[22-Dec-2025 08:50:46 UTC] 当前货币：CNY
[22-Dec-2025 08:50:46 UTC] 订单金额：0.01
[22-Dec-2025 08:50:46 UTC] 虎皮椒支付网关最终可用性：true
[22-Dec-2025 08:50:48 UTC] 虎皮椒支付 is_available() 被调用
[22-Dec-2025 08:50:48 UTC] 父类返回：true
[22-Dec-2025 08:50:48 UTC] 当前网关enabled：yes
[22-Dec-2025 08:50:48 UTC] 当前货币：CNY
[22-Dec-2025 08:50:48 UTC] 订单金额：0.01
[22-Dec-2025 08:50:48 UTC] 虎皮椒支付网关最终可用性：true
[22-Dec-2025 08:50:53 UTC] 虎皮椒支付 is_available() 被调用
[22-Dec-2025 08:50:53 UTC] 父类返回：true
[22-Dec-2025 08:50:53 UTC] 当前网关enabled：yes
[22-Dec-2025 08:50:53 UTC] 当前货币：CNY
[22-Dec-2025 08:50:53 UTC] 订单金额：0.01
[22-Dec-2025 08:50:53 UTC] 虎皮椒支付网关最终可用性：true
[22-Dec-2025 08:54:39 UTC] 虎皮椒支付 is_available() 被调用
[22-Dec-2025 08:54:39 UTC] 父类返回：true
[22-Dec-2025 08:54:39 UTC] 当前网关enabled：yes
[22-Dec-2025 08:54:39 UTC] 当前货币：CNY
[22-Dec-2025 08:54:39 UTC] 订单金额：0.01
[22-Dec-2025 08:54:39 UTC] 虎皮椒支付网关最终可用性：true
[22-Dec-2025 08:54:39 UTC] 虎皮椒支付 is_available() 被调用
[22-Dec-2025 08:54:39 UTC] 父类返回：true
[22-Dec-2025 08:54:39 UTC] 当前网关enabled：yes
[22-Dec-2025 08:54:39 UTC] 当前货币：CNY
[22-Dec-2025 08:54:39 UTC] 订单金额：0.01
[22-Dec-2025 08:54:39 UTC] 虎皮椒支付网关最终可用性：true
[22-Dec-2025 09:10:48 UTC] 虎皮椒支付 is_available() 被调用
[22-Dec-2025 09:10:48 UTC] 父类返回：true
[22-Dec-2025 09:10:48 UTC] 当前网关enabled：yes
[22-Dec-2025 09:10:48 UTC] 当前货币：CNY
[22-Dec-2025 09:10:48 UTC] 订单金额：0
[22-Dec-2025 09:10:48 UTC] 虎皮椒支付网关最终可用性：true
[22-Dec-2025 09:11:11 UTC] 虎皮椒支付 is_available() 被调用
[22-Dec-2025 09:11:11 UTC] 父类返回：true
[22-Dec-2025 09:11:11 UTC] 当前网关enabled：yes
[22-Dec-2025 09:11:11 UTC] 当前货币：CNY
[22-Dec-2025 09:11:11 UTC] 订单金额：0
[22-Dec-2025 09:11:11 UTC] 虎皮椒支付网关最终可用性：true
[22-Dec-2025 09:11:11 UTC] 虎皮椒支付 is_available() 被调用
[22-Dec-2025 09:11:11 UTC] 父类返回：true
[22-Dec-2025 09:11:11 UTC] 当前网关enabled：yes
[22-Dec-2025 09:11:11 UTC] 当前货币：CNY
[22-Dec-2025 09:11:11 UTC] 订单金额：0
[22-Dec-2025 09:11:11 UTC] 虎皮椒支付网关最终可用性：true
[22-Dec-2025 09:11:12 UTC] 虎皮椒支付 is_available() 被调用
[22-Dec-2025 09:11:12 UTC] 父类返回：true
[22-Dec-2025 09:11:12 UTC] 当前网关enabled：yes
[22-Dec-2025 09:11:12 UTC] 当前货币：CNY
[22-Dec-2025 09:11:12 UTC] 订单金额：0
[22-Dec-2025 09:11:12 UTC] 虎皮椒支付网关最终可用性：true
[22-Dec-2025 09:11:17 UTC] 虎皮椒支付 is_available() 被调用
[22-Dec-2025 09:11:17 UTC] 父类返回：true
[22-Dec-2025 09:11:17 UTC] 当前网关enabled：yes
[22-Dec-2025 09:11:17 UTC] 当前货币：CNY
[22-Dec-2025 09:11:17 UTC] 订单金额：0.01
[22-Dec-2025 09:11:17 UTC] 虎皮椒支付网关最终可用性：true
[22-Dec-2025 09:11:18 UTC] 虎皮椒支付 is_available() 被调用
[22-Dec-2025 09:11:18 UTC] 父类返回：true
[22-Dec-2025 09:11:18 UTC] 当前网关enabled：yes
[22-Dec-2025 09:11:18 UTC] 当前货币：CNY
[22-Dec-2025 09:11:18 UTC] 订单金额：0.01
[22-Dec-2025 09:11:18 UTC] 虎皮椒支付网关最终可用性：true
[22-Dec-2025 09:12:30 UTC] 虎皮椒支付 is_available() 被调用
[22-Dec-2025 09:12:30 UTC] 父类返回：true
[22-Dec-2025 09:12:30 UTC] 当前网关enabled：yes
[22-Dec-2025 09:12:30 UTC] 当前货币：CNY
[22-Dec-2025 09:12:30 UTC] 订单金额：0.01
[22-Dec-2025 09:12:30 UTC] 虎皮椒支付网关最终可用性：true
[22-Dec-2025 09:12:58 UTC] 虎皮椒支付 is_available() 被调用
[22-Dec-2025 09:12:58 UTC] 父类返回：true
[22-Dec-2025 09:12:58 UTC] 当前网关enabled：yes
[22-Dec-2025 09:12:58 UTC] 当前货币：CNY
[22-Dec-2025 09:12:58 UTC] 订单金额：0.01
[22-Dec-2025 09:12:58 UTC] 虎皮椒支付网关最终可用性：true
[22-Dec-2025 09:13:00 UTC] 虎皮椒支付 is_available() 被调用
[22-Dec-2025 09:13:00 UTC] 父类返回：true
[22-Dec-2025 09:13:00 UTC] 当前网关enabled：yes
[22-Dec-2025 09:13:00 UTC] 当前货币：CNY
[22-Dec-2025 09:13:00 UTC] 订单金额：0.01
[22-Dec-2025 09:13:00 UTC] 虎皮椒支付网关最终可用性：true
[22-Dec-2025 09:14:48 UTC] 虎皮椒支付 is_available() 被调用
[22-Dec-2025 09:14:48 UTC] 父类返回：true
[22-Dec-2025 09:14:48 UTC] 当前网关enabled：yes
[22-Dec-2025 09:14:48 UTC] 当前货币：CNY
[22-Dec-2025 09:14:48 UTC] 订单金额：0.01
[22-Dec-2025 09:14:48 UTC] 虎皮椒支付网关最终可用性：true
[22-Dec-2025 09:15:15 UTC] 虎皮椒支付 is_available() 被调用
[22-Dec-2025 09:15:15 UTC] 父类返回：true
[22-Dec-2025 09:15:15 UTC] 当前网关enabled：yes
[22-Dec-2025 09:15:15 UTC] 当前货币：CNY
[22-Dec-2025 09:15:15 UTC] 订单金额：0.01
[22-Dec-2025 09:15:15 UTC] 虎皮椒支付网关最终可用性：true
[22-Dec-2025 09:15:27 UTC] 虎皮椒支付 is_available() 被调用
[22-Dec-2025 09:15:27 UTC] 父类返回：true
[22-Dec-2025 09:15:27 UTC] 当前网关enabled：yes
[22-Dec-2025 09:15:27 UTC] 当前货币：CNY
[22-Dec-2025 09:15:27 UTC] 订单金额：0.01
[22-Dec-2025 09:15:27 UTC] 虎皮椒支付网关最终可用性：true
[22-Dec-2025 09:16:11 UTC] 虎皮椒支付 is_available() 被调用
[22-Dec-2025 09:16:11 UTC] 父类返回：true
[22-Dec-2025 09:16:11 UTC] 当前网关enabled：yes
[22-Dec-2025 09:16:11 UTC] 当前货币：CNY
[22-Dec-2025 09:16:11 UTC] 订单金额：0.01
[22-Dec-2025 09:16:11 UTC] 虎皮椒支付网关最终可用性：true
[22-Dec-2025 09:16:14 UTC] 虎皮椒支付 is_available() 被调用
[22-Dec-2025 09:16:14 UTC] 父类返回：true
[22-Dec-2025 09:16:14 UTC] 当前网关enabled：yes
[22-Dec-2025 09:16:14 UTC] 当前货币：CNY
[22-Dec-2025 09:16:14 UTC] 订单金额：0.01
[22-Dec-2025 09:16:14 UTC] 虎皮椒支付网关最终可用性：true
[22-Dec-2025 09:16:18 UTC] 虎皮椒支付 is_available() 被调用
[22-Dec-2025 09:16:18 UTC] 父类返回：true
[22-Dec-2025 09:16:18 UTC] 当前网关enabled：yes
[22-Dec-2025 09:16:18 UTC] 当前货币：CNY
[22-Dec-2025 09:16:18 UTC] 订单金额：0.01
[22-Dec-2025 09:16:18 UTC] 虎皮椒支付网关最终可用性：true
[22-Dec-2025 09:16:19 UTC] 虎皮椒支付 is_available() 被调用
[22-Dec-2025 09:16:19 UTC] 父类返回：true
[22-Dec-2025 09:16:19 UTC] 当前网关enabled：yes
[22-Dec-2025 09:16:19 UTC] 当前货币：CNY
[22-Dec-2025 09:16:19 UTC] 订单金额：0.01
[22-Dec-2025 09:16:19 UTC] 虎皮椒支付网关最终可用性：true
[22-Dec-2025 09:16:20 UTC] 虎皮椒支付 is_available() 被调用
[22-Dec-2025 09:16:20 UTC] 父类返回：true
[22-Dec-2025 09:16:20 UTC] 当前网关enabled：yes
[22-Dec-2025 09:16:20 UTC] 当前货币：CNY
[22-Dec-2025 09:16:20 UTC] 订单金额：0.01
[22-Dec-2025 09:16:20 UTC] 虎皮椒支付网关最终可用性：true
[22-Dec-2025 09:16:26 UTC] 虎皮椒支付 is_available() 被调用
[22-Dec-2025 09:16:26 UTC] 父类返回：true
[22-Dec-2025 09:16:26 UTC] 当前网关enabled：yes
[22-Dec-2025 09:16:26 UTC] 当前货币：CNY
[22-Dec-2025 09:16:26 UTC] 订单金额：0.01
[22-Dec-2025 09:16:26 UTC] 虎皮椒支付网关最终可用性：true
[22-Dec-2025 09:16:27 UTC] 虎皮椒支付 is_available() 被调用
[22-Dec-2025 09:16:27 UTC] 父类返回：true
[22-Dec-2025 09:16:27 UTC] 当前网关enabled：yes
[22-Dec-2025 09:16:27 UTC] 当前货币：CNY
[22-Dec-2025 09:16:27 UTC] 订单金额：0.01
[22-Dec-2025 09:16:27 UTC] 虎皮椒支付网关最终可用性：true
[22-Dec-2025 09:16:32 UTC] 虎皮椒支付 is_available() 被调用
[22-Dec-2025 09:16:32 UTC] 父类返回：true
[22-Dec-2025 09:16:32 UTC] 当前网关enabled：yes
[22-Dec-2025 09:16:32 UTC] 当前货币：CNY
[22-Dec-2025 09:16:32 UTC] 订单金额：0.02
[22-Dec-2025 09:16:32 UTC] 虎皮椒支付网关最终可用性：true
[22-Dec-2025 09:16:32 UTC] 虎皮椒支付 is_available() 被调用
[22-Dec-2025 09:16:32 UTC] 父类返回：true
[22-Dec-2025 09:16:32 UTC] 当前网关enabled：yes
[22-Dec-2025 09:16:32 UTC] 当前货币：CNY
[22-Dec-2025 09:16:32 UTC] 订单金额：0.02
[22-Dec-2025 09:16:32 UTC] 虎皮椒支付网关最终可用性：true
[22-Dec-2025 09:16:33 UTC] 虎皮椒支付 is_available() 被调用
[22-Dec-2025 09:16:33 UTC] 父类返回：true
[22-Dec-2025 09:16:33 UTC] 当前网关enabled：yes
[22-Dec-2025 09:16:33 UTC] 当前货币：CNY
[22-Dec-2025 09:16:33 UTC] 订单金额：0.02
[22-Dec-2025 09:16:33 UTC] 虎皮椒支付网关最终可用性：true
[22-Dec-2025 09:17:07 UTC] 虎皮椒支付 is_available() 被调用
[22-Dec-2025 09:17:07 UTC] 父类返回：true
[22-Dec-2025 09:17:07 UTC] 当前网关enabled：yes
[22-Dec-2025 09:17:07 UTC] 当前货币：CNY
[22-Dec-2025 09:17:07 UTC] 订单金额：0.02
[22-Dec-2025 09:17:07 UTC] 虎皮椒支付网关最终可用性：true
[22-Dec-2025 09:17:07 UTC] 虎皮椒支付 is_available() 被调用
[22-Dec-2025 09:17:07 UTC] 父类返回：true
[22-Dec-2025 09:17:07 UTC] 当前网关enabled：yes
[22-Dec-2025 09:17:07 UTC] 当前货币：CNY
[22-Dec-2025 09:17:07 UTC] 订单金额：0.02
[22-Dec-2025 09:17:07 UTC] 虎皮椒支付网关最终可用性：true
[22-Dec-2025 09:17:08 UTC] 虎皮椒支付 is_available() 被调用
[22-Dec-2025 09:17:08 UTC] 父类返回：true
[22-Dec-2025 09:17:08 UTC] 当前网关enabled：yes
[22-Dec-2025 09:17:08 UTC] 当前货币：CNY
[22-Dec-2025 09:17:08 UTC] 订单金额：0.02
[22-Dec-2025 09:17:08 UTC] 虎皮椒支付网关最终可用性：true
[22-Dec-2025 09:17:14 UTC] 虎皮椒支付 is_available() 被调用
[22-Dec-2025 09:17:14 UTC] 父类返回：true
[22-Dec-2025 09:17:14 UTC] 当前网关enabled：yes
[22-Dec-2025 09:17:14 UTC] 当前货币：CNY
[22-Dec-2025 09:17:14 UTC] 订单金额：0
[22-Dec-2025 09:17:14 UTC] 虎皮椒支付网关最终可用性：true
[22-Dec-2025 09:17:15 UTC] 虎皮椒支付 is_available() 被调用
[22-Dec-2025 09:17:15 UTC] 父类返回：true
[22-Dec-2025 09:17:15 UTC] 当前网关enabled：yes
[22-Dec-2025 09:17:15 UTC] 当前货币：CNY
[22-Dec-2025 09:17:15 UTC] 订单金额：0
[22-Dec-2025 09:17:15 UTC] 虎皮椒支付网关最终可用性：true
[22-Dec-2025 09:19:15 UTC] 虎皮椒支付 is_available() 被调用
[22-Dec-2025 09:19:15 UTC] 父类返回：true
[22-Dec-2025 09:19:15 UTC] 当前网关enabled：yes
[22-Dec-2025 09:19:15 UTC] 当前货币：CNY
[22-Dec-2025 09:19:15 UTC] 订单金额：0
[22-Dec-2025 09:19:15 UTC] 虎皮椒支付网关最终可用性：true
[22-Dec-2025 09:19:16 UTC] 虎皮椒支付 is_available() 被调用
[22-Dec-2025 09:19:16 UTC] 父类返回：true
[22-Dec-2025 09:19:16 UTC] 当前网关enabled：yes
[22-Dec-2025 09:19:16 UTC] 当前货币：CNY
[22-Dec-2025 09:19:16 UTC] 订单金额：0
[22-Dec-2025 09:19:16 UTC] 虎皮椒支付网关最终可用性：true
[22-Dec-2025 09:19:52 UTC] 虎皮椒支付 is_available() 被调用
[22-Dec-2025 09:19:52 UTC] 父类返回：true
[22-Dec-2025 09:19:52 UTC] 当前网关enabled：yes
[22-Dec-2025 09:19:52 UTC] 当前货币：CNY
[22-Dec-2025 09:19:52 UTC] 订单金额：0
[22-Dec-2025 09:19:52 UTC] 虎皮椒支付网关最终可用性：true
[22-Dec-2025 09:19:53 UTC] 虎皮椒支付 is_available() 被调用
[22-Dec-2025 09:19:53 UTC] 父类返回：true
[22-Dec-2025 09:19:53 UTC] 当前网关enabled：yes
[22-Dec-2025 09:19:53 UTC] 当前货币：CNY
[22-Dec-2025 09:19:53 UTC] 订单金额：0
[22-Dec-2025 09:19:53 UTC] 虎皮椒支付网关最终可用性：true
[22-Dec-2025 09:20:16 UTC] 虎皮椒支付 is_available() 被调用
[22-Dec-2025 09:20:16 UTC] 父类返回：true
[22-Dec-2025 09:20:16 UTC] 当前网关enabled：yes
[22-Dec-2025 09:20:16 UTC] 当前货币：CNY
[22-Dec-2025 09:20:16 UTC] 订单金额：0.02
[22-Dec-2025 09:20:16 UTC] 虎皮椒支付网关最终可用性：true
[22-Dec-2025 09:20:16 UTC] 虎皮椒支付 is_available() 被调用
[22-Dec-2025 09:20:16 UTC] 父类返回：true
[22-Dec-2025 09:20:16 UTC] 当前网关enabled：yes
[22-Dec-2025 09:20:16 UTC] 当前货币：CNY
[22-Dec-2025 09:20:16 UTC] 订单金额：0.02
[22-Dec-2025 09:20:16 UTC] 虎皮椒支付网关最终可用性：true
[22-Dec-2025 09:20:17 UTC] 虎皮椒支付 is_available() 被调用
[22-Dec-2025 09:20:17 UTC] 父类返回：true
[22-Dec-2025 09:20:17 UTC] 当前网关enabled：yes
[22-Dec-2025 09:20:17 UTC] 当前货币：CNY
[22-Dec-2025 09:20:17 UTC] 订单金额：0.02
[22-Dec-2025 09:20:17 UTC] 虎皮椒支付网关最终可用性：true
[22-Dec-2025 09:20:20 UTC] 虎皮椒支付 is_available() 被调用
[22-Dec-2025 09:20:20 UTC] 父类返回：true
[22-Dec-2025 09:20:20 UTC] 当前网关enabled：yes
[22-Dec-2025 09:20:20 UTC] 当前货币：CNY
[22-Dec-2025 09:20:20 UTC] 订单金额：0.02
[22-Dec-2025 09:20:20 UTC] 虎皮椒支付网关最终可用性：true
[22-Dec-2025 09:20:20 UTC] 虎皮椒支付 is_available() 被调用
[22-Dec-2025 09:20:20 UTC] 父类返回：true
[22-Dec-2025 09:20:20 UTC] 当前网关enabled：yes
[22-Dec-2025 09:20:20 UTC] 当前货币：CNY
[22-Dec-2025 09:20:20 UTC] 订单金额：0.02
[22-Dec-2025 09:20:20 UTC] 虎皮椒支付网关最终可用性：true
[22-Dec-2025 09:20:21 UTC] 虎皮椒支付 is_available() 被调用
[22-Dec-2025 09:20:21 UTC] 父类返回：true
[22-Dec-2025 09:20:21 UTC] 当前网关enabled：yes
[22-Dec-2025 09:20:21 UTC] 当前货币：CNY
[22-Dec-2025 09:20:21 UTC] 订单金额：0.02
[22-Dec-2025 09:20:21 UTC] 虎皮椒支付网关最终可用性：true
[22-Dec-2025 09:20:58 UTC] 虎皮椒支付 is_available() 被调用
[22-Dec-2025 09:20:58 UTC] 父类返回：true
[22-Dec-2025 09:20:58 UTC] 当前网关enabled：yes
[22-Dec-2025 09:20:58 UTC] 当前货币：CNY
[22-Dec-2025 09:20:58 UTC] 订单金额：0.02
[22-Dec-2025 09:20:58 UTC] 虎皮椒支付网关最终可用性：true
[22-Dec-2025 09:20:58 UTC] 虎皮椒支付 is_available() 被调用
[22-Dec-2025 09:20:58 UTC] 父类返回：true
[22-Dec-2025 09:20:58 UTC] 当前网关enabled：yes
[22-Dec-2025 09:20:58 UTC] 当前货币：CNY
[22-Dec-2025 09:20:58 UTC] 订单金额：0.02
[22-Dec-2025 09:20:58 UTC] 虎皮椒支付网关最终可用性：true
[22-Dec-2025 09:23:44 UTC] 虎皮椒支付 is_available() 被调用
[22-Dec-2025 09:23:44 UTC] 父类返回：true
[22-Dec-2025 09:23:44 UTC] 当前网关enabled：yes
[22-Dec-2025 09:23:44 UTC] 当前货币：CNY
[22-Dec-2025 09:23:44 UTC] 订单金额：0.02
[22-Dec-2025 09:23:44 UTC] 虎皮椒支付网关最终可用性：true
[22-Dec-2025 09:23:45 UTC] 虎皮椒支付 is_available() 被调用
[22-Dec-2025 09:23:45 UTC] 父类返回：true
[22-Dec-2025 09:23:45 UTC] 当前网关enabled：yes
[22-Dec-2025 09:23:45 UTC] 当前货币：CNY
[22-Dec-2025 09:23:45 UTC] 订单金额：0.02
[22-Dec-2025 09:23:45 UTC] 虎皮椒支付网关最终可用性：true
[22-Dec-2025 09:23:46 UTC] 虎皮椒支付 is_available() 被调用
[22-Dec-2025 09:23:46 UTC] 父类返回：true
[22-Dec-2025 09:23:46 UTC] 当前网关enabled：yes
[22-Dec-2025 09:23:46 UTC] 当前货币：CNY
[22-Dec-2025 09:23:46 UTC] 订单金额：0.02
[22-Dec-2025 09:23:46 UTC] 虎皮椒支付网关最终可用性：true
[22-Dec-2025 09:23:49 UTC] 虎皮椒支付 is_available() 被调用
[22-Dec-2025 09:23:49 UTC] 父类返回：true
[22-Dec-2025 09:23:49 UTC] 当前网关enabled：yes
[22-Dec-2025 09:23:49 UTC] 当前货币：CNY
[22-Dec-2025 09:23:49 UTC] 订单金额：0.02
[22-Dec-2025 09:23:49 UTC] 虎皮椒支付网关最终可用性：true
[22-Dec-2025 09:23:49 UTC] 虎皮椒支付 is_available() 被调用
[22-Dec-2025 09:23:49 UTC] 父类返回：true
[22-Dec-2025 09:23:49 UTC] 当前网关enabled：yes
[22-Dec-2025 09:23:49 UTC] 当前货币：CNY
[22-Dec-2025 09:23:49 UTC] 订单金额：0.02
[22-Dec-2025 09:23:49 UTC] 虎皮椒支付网关最终可用性：true
[22-Dec-2025 09:23:50 UTC] 虎皮椒支付 is_available() 被调用
[22-Dec-2025 09:23:50 UTC] 父类返回：true
[22-Dec-2025 09:23:50 UTC] 当前网关enabled：yes
[22-Dec-2025 09:23:50 UTC] 当前货币：CNY
[22-Dec-2025 09:23:50 UTC] 订单金额：0.02
[22-Dec-2025 09:23:50 UTC] 虎皮椒支付网关最终可用性：true
[22-Dec-2025 09:23:57 UTC] 虎皮椒支付 is_available() 被调用
[22-Dec-2025 09:23:57 UTC] 父类返回：true
[22-Dec-2025 09:23:57 UTC] 当前网关enabled：yes
[22-Dec-2025 09:23:57 UTC] 当前货币：CNY
[22-Dec-2025 09:23:57 UTC] 订单金额：0.02
[22-Dec-2025 09:23:57 UTC] 虎皮椒支付网关最终可用性：true
[22-Dec-2025 09:23:57 UTC] 虎皮椒支付 is_available() 被调用
[22-Dec-2025 09:23:57 UTC] 父类返回：true
[22-Dec-2025 09:23:57 UTC] 当前网关enabled：yes
[22-Dec-2025 09:23:57 UTC] 当前货币：CNY
[22-Dec-2025 09:23:57 UTC] 订单金额：0.02
[22-Dec-2025 09:23:57 UTC] 虎皮椒支付网关最终可用性：true
[22-Dec-2025 09:24:25 UTC] 虎皮椒支付 is_available() 被调用
[22-Dec-2025 09:24:25 UTC] 父类返回：true
[22-Dec-2025 09:24:25 UTC] 当前网关enabled：yes
[22-Dec-2025 09:24:25 UTC] 当前货币：CNY
[22-Dec-2025 09:24:25 UTC] 订单金额：0.02
[22-Dec-2025 09:24:25 UTC] 虎皮椒支付网关最终可用性：true
[22-Dec-2025 09:24:25 UTC] 虎皮椒支付 is_available() 被调用
[22-Dec-2025 09:24:25 UTC] 父类返回：true
[22-Dec-2025 09:24:25 UTC] 当前网关enabled：yes
[22-Dec-2025 09:24:25 UTC] 当前货币：CNY
[22-Dec-2025 09:24:25 UTC] 订单金额：0.02
[22-Dec-2025 09:24:25 UTC] 虎皮椒支付网关最终可用性：true
[22-Dec-2025 09:24:25 UTC] 虎皮椒支付 is_available() 被调用
[22-Dec-2025 09:24:25 UTC] 父类返回：true
[22-Dec-2025 09:24:25 UTC] 当前网关enabled：yes
[22-Dec-2025 09:24:25 UTC] 当前货币：CNY
[22-Dec-2025 09:24:25 UTC] 订单金额：0.02
[22-Dec-2025 09:24:25 UTC] 虎皮椒支付网关最终可用性：true
[22-Dec-2025 09:24:25 UTC] 虎皮椒支付 is_available() 被调用
[22-Dec-2025 09:24:25 UTC] 父类返回：true
[22-Dec-2025 09:24:25 UTC] 当前网关enabled：yes
[22-Dec-2025 09:24:25 UTC] 当前货币：CNY
[22-Dec-2025 09:24:25 UTC] 订单金额：0.02
[22-Dec-2025 09:24:25 UTC] 虎皮椒支付网关最终可用性：true
[22-Dec-2025 09:24:26 UTC] 虎皮椒支付 is_available() 被调用
[22-Dec-2025 09:24:26 UTC] 父类返回：true
[22-Dec-2025 09:24:26 UTC] 当前网关enabled：yes
[22-Dec-2025 09:24:26 UTC] 当前货币：CNY
[22-Dec-2025 09:24:26 UTC] 订单金额：0.02
[22-Dec-2025 09:24:26 UTC] 虎皮椒支付网关最终可用性：true
[22-Dec-2025 09:24:28 UTC] 虎皮椒支付 is_available() 被调用
[22-Dec-2025 09:24:28 UTC] 父类返回：true
[22-Dec-2025 09:24:28 UTC] 当前网关enabled：yes
[22-Dec-2025 09:24:28 UTC] 当前货币：CNY
[22-Dec-2025 09:24:28 UTC] 订单金额：0.02
[22-Dec-2025 09:24:28 UTC] 虎皮椒支付网关最终可用性：true
[22-Dec-2025 09:24:28 UTC] 虎皮椒支付 is_available() 被调用
[22-Dec-2025 09:24:28 UTC] 父类返回：true
[22-Dec-2025 09:24:28 UTC] 当前网关enabled：yes
[22-Dec-2025 09:24:28 UTC] 当前货币：CNY
[22-Dec-2025 09:24:28 UTC] 订单金额：0.02
[22-Dec-2025 09:24:28 UTC] 虎皮椒支付网关最终可用性：true
[22-Dec-2025 09:24:29 UTC] 虎皮椒支付 is_available() 被调用
[22-Dec-2025 09:24:29 UTC] 父类返回：true
[22-Dec-2025 09:24:29 UTC] 当前网关enabled：yes
[22-Dec-2025 09:24:29 UTC] 当前货币：CNY
[22-Dec-2025 09:24:29 UTC] 订单金额：0.02
[22-Dec-2025 09:24:29 UTC] 虎皮椒支付网关最终可用性：true
[22-Dec-2025 09:24:41 UTC] 虎皮椒支付 is_available() 被调用
[22-Dec-2025 09:24:41 UTC] 父类返回：true
[22-Dec-2025 09:24:41 UTC] 当前网关enabled：yes
[22-Dec-2025 09:24:41 UTC] 当前货币：CNY
[22-Dec-2025 09:24:41 UTC] 订单金额：0.02
[22-Dec-2025 09:24:41 UTC] 虎皮椒支付网关最终可用性：true
[22-Dec-2025 09:24:41 UTC] 虎皮椒支付 is_available() 被调用
[22-Dec-2025 09:24:41 UTC] 父类返回：true
[22-Dec-2025 09:24:41 UTC] 当前网关enabled：yes
[22-Dec-2025 09:24:41 UTC] 当前货币：CNY
[22-Dec-2025 09:24:41 UTC] 订单金额：0.02
[22-Dec-2025 09:24:41 UTC] 虎皮椒支付网关最终可用性：true
[22-Dec-2025 09:24:41 UTC] 虎皮椒支付 is_available() 被调用
[22-Dec-2025 09:24:41 UTC] 父类返回：true
[22-Dec-2025 09:24:41 UTC] 当前网关enabled：yes
[22-Dec-2025 09:24:41 UTC] 当前货币：CNY
[22-Dec-2025 09:24:41 UTC] 订单金额：0.02
[22-Dec-2025 09:24:41 UTC] 虎皮椒支付网关最终可用性：true
[22-Dec-2025 09:24:48 UTC] 虎皮椒支付 is_available() 被调用
[22-Dec-2025 09:24:48 UTC] 父类返回：true
[22-Dec-2025 09:24:48 UTC] 当前网关enabled：yes
[22-Dec-2025 09:24:48 UTC] 当前货币：CNY
[22-Dec-2025 09:24:48 UTC] 订单金额：0.02
[22-Dec-2025 09:24:48 UTC] 虎皮椒支付网关最终可用性：true
[22-Dec-2025 09:24:48 UTC] 虎皮椒支付 is_available() 被调用
[22-Dec-2025 09:24:48 UTC] 父类返回：true
[22-Dec-2025 09:24:48 UTC] 当前网关enabled：yes
[22-Dec-2025 09:24:48 UTC] 当前货币：CNY
[22-Dec-2025 09:24:48 UTC] 订单金额：0.02
[22-Dec-2025 09:24:48 UTC] 虎皮椒支付网关最终可用性：true
[22-Dec-2025 09:24:48 UTC] 虎皮椒支付 is_available() 被调用
[22-Dec-2025 09:24:48 UTC] 父类返回：true
[22-Dec-2025 09:24:48 UTC] 当前网关enabled：yes
[22-Dec-2025 09:24:48 UTC] 当前货币：CNY
[22-Dec-2025 09:24:48 UTC] 订单金额：0.02
[22-Dec-2025 09:24:48 UTC] 虎皮椒支付网关最终可用性：true
[22-Dec-2025 09:24:54 UTC] 虎皮椒支付 is_available() 被调用
[22-Dec-2025 09:24:54 UTC] 父类返回：true
[22-Dec-2025 09:24:54 UTC] 当前网关enabled：yes
[22-Dec-2025 09:24:54 UTC] 当前货币：CNY
[22-Dec-2025 09:24:54 UTC] 订单金额：0.02
[22-Dec-2025 09:24:54 UTC] 虎皮椒支付网关最终可用性：true
[22-Dec-2025 09:24:54 UTC] 虎皮椒支付 is_available() 被调用
[22-Dec-2025 09:24:54 UTC] 父类返回：true
[22-Dec-2025 09:24:54 UTC] 当前网关enabled：yes
[22-Dec-2025 09:24:54 UTC] 当前货币：CNY
[22-Dec-2025 09:24:54 UTC] 订单金额：0.02
[22-Dec-2025 09:24:54 UTC] 虎皮椒支付网关最终可用性：true
[22-Dec-2025 09:24:55 UTC] 虎皮椒支付 is_available() 被调用
[22-Dec-2025 09:24:55 UTC] 父类返回：true
[22-Dec-2025 09:24:55 UTC] 当前网关enabled：yes
[22-Dec-2025 09:24:55 UTC] 当前货币：CNY
[22-Dec-2025 09:24:55 UTC] 订单金额：0.02
[22-Dec-2025 09:24:55 UTC] 虎皮椒支付网关最终可用性：true
[22-Dec-2025 09:25:04 UTC] 虎皮椒支付 is_available() 被调用
[22-Dec-2025 09:25:04 UTC] 父类返回：true
[22-Dec-2025 09:25:04 UTC] 当前网关enabled：yes
[22-Dec-2025 09:25:04 UTC] 当前货币：CNY
[22-Dec-2025 09:25:04 UTC] 订单金额：0.02
[22-Dec-2025 09:25:04 UTC] 虎皮椒支付网关最终可用性：true
[22-Dec-2025 09:25:29 UTC] 虎皮椒支付 is_available() 被调用
[22-Dec-2025 09:25:29 UTC] 父类返回：true
[22-Dec-2025 09:25:29 UTC] 当前网关enabled：yes
[22-Dec-2025 09:25:29 UTC] 当前货币：CNY
[22-Dec-2025 09:25:29 UTC] 订单金额：0.02
[22-Dec-2025 09:25:29 UTC] 虎皮椒支付网关最终可用性：true
[22-Dec-2025 09:25:29 UTC] 虎皮椒支付 is_available() 被调用
[22-Dec-2025 09:25:29 UTC] 父类返回：true
[22-Dec-2025 09:25:29 UTC] 当前网关enabled：yes
[22-Dec-2025 09:25:29 UTC] 当前货币：CNY
[22-Dec-2025 09:25:29 UTC] 订单金额：0.02
[22-Dec-2025 09:25:29 UTC] 虎皮椒支付网关最终可用性：true
[22-Dec-2025 09:25:30 UTC] 虎皮椒支付 is_available() 被调用
[22-Dec-2025 09:25:30 UTC] 父类返回：true
[22-Dec-2025 09:25:30 UTC] 当前网关enabled：yes
[22-Dec-2025 09:25:30 UTC] 当前货币：CNY
[22-Dec-2025 09:25:30 UTC] 订单金额：0.02
[22-Dec-2025 09:25:30 UTC] 虎皮椒支付网关最终可用性：true
[22-Dec-2025 09:26:37 UTC] 虎皮椒支付 is_available() 被调用
[22-Dec-2025 09:26:37 UTC] 父类返回：true
[22-Dec-2025 09:26:37 UTC] 当前网关enabled：yes
[22-Dec-2025 09:26:37 UTC] 当前货币：CNY
[22-Dec-2025 09:26:37 UTC] 订单金额：0.02
[22-Dec-2025 09:26:37 UTC] 虎皮椒支付网关最终可用性：true
[22-Dec-2025 09:26:55 UTC] 虎皮椒支付 is_available() 被调用
[22-Dec-2025 09:26:55 UTC] 父类返回：true
[22-Dec-2025 09:26:55 UTC] 当前网关enabled：yes
[22-Dec-2025 09:26:55 UTC] 当前货币：CNY
[22-Dec-2025 09:26:55 UTC] 订单金额：0.02
[22-Dec-2025 09:26:55 UTC] 虎皮椒支付网关最终可用性：true
[22-Dec-2025 09:26:55 UTC] 虎皮椒支付 is_available() 被调用
[22-Dec-2025 09:26:55 UTC] 父类返回：true
[22-Dec-2025 09:26:55 UTC] 当前网关enabled：yes
[22-Dec-2025 09:26:55 UTC] 当前货币：CNY
[22-Dec-2025 09:26:55 UTC] 订单金额：0.02
[22-Dec-2025 09:26:55 UTC] 虎皮椒支付网关最终可用性：true
[22-Dec-2025 09:26:56 UTC] 虎皮椒支付 is_available() 被调用
[22-Dec-2025 09:26:56 UTC] 父类返回：true
[22-Dec-2025 09:26:56 UTC] 当前网关enabled：yes
[22-Dec-2025 09:26:56 UTC] 当前货币：CNY
[22-Dec-2025 09:26:56 UTC] 订单金额：0.02
[22-Dec-2025 09:26:56 UTC] 虎皮椒支付网关最终可用性：true
[22-Dec-2025 09:27:05 UTC] 虎皮椒支付 is_available() 被调用
[22-Dec-2025 09:27:05 UTC] 父类返回：true
[22-Dec-2025 09:27:05 UTC] 当前网关enabled：yes
[22-Dec-2025 09:27:05 UTC] 当前货币：CNY
[22-Dec-2025 09:27:05 UTC] 订单金额：0.02
[22-Dec-2025 09:27:05 UTC] 虎皮椒支付网关最终可用性：true
[22-Dec-2025 09:27:23 UTC] 虎皮椒支付 is_available() 被调用
[22-Dec-2025 09:27:23 UTC] 父类返回：true
[22-Dec-2025 09:27:23 UTC] 当前网关enabled：yes
[22-Dec-2025 09:27:23 UTC] 当前货币：CNY
[22-Dec-2025 09:27:23 UTC] 订单金额：0.02
[22-Dec-2025 09:27:23 UTC] 虎皮椒支付网关最终可用性：true
[22-Dec-2025 09:28:43 UTC] 虎皮椒支付 is_available() 被调用
[22-Dec-2025 09:28:43 UTC] 父类返回：true
[22-Dec-2025 09:28:43 UTC] 当前网关enabled：yes
[22-Dec-2025 09:28:43 UTC] 当前货币：CNY
[22-Dec-2025 09:28:43 UTC] 订单金额：0.02
[22-Dec-2025 09:28:43 UTC] 虎皮椒支付网关最终可用性：true
[22-Dec-2025 09:28:43 UTC] 虎皮椒支付 is_available() 被调用
[22-Dec-2025 09:28:43 UTC] 父类返回：true
[22-Dec-2025 09:28:43 UTC] 当前网关enabled：yes
[22-Dec-2025 09:28:43 UTC] 当前货币：CNY
[22-Dec-2025 09:28:43 UTC] 订单金额：0.02
[22-Dec-2025 09:28:43 UTC] 虎皮椒支付网关最终可用性：true
[22-Dec-2025 09:28:44 UTC] 虎皮椒支付 is_available() 被调用
[22-Dec-2025 09:28:44 UTC] 父类返回：true
[22-Dec-2025 09:28:44 UTC] 当前网关enabled：yes
[22-Dec-2025 09:28:44 UTC] 当前货币：CNY
[22-Dec-2025 09:28:44 UTC] 订单金额：0.02
[22-Dec-2025 09:28:44 UTC] 虎皮椒支付网关最终可用性：true
[22-Dec-2025 09:28:50 UTC] 虎皮椒支付 is_available() 被调用
[22-Dec-2025 09:28:50 UTC] 父类返回：true
[22-Dec-2025 09:28:50 UTC] 当前网关enabled：yes
[22-Dec-2025 09:28:50 UTC] 当前货币：CNY
[22-Dec-2025 09:28:50 UTC] 订单金额：0
[22-Dec-2025 09:28:50 UTC] 虎皮椒支付网关最终可用性：true
[22-Dec-2025 09:30:49 UTC] 虎皮椒支付 is_available() 被调用
[22-Dec-2025 09:30:49 UTC] 父类返回：true
[22-Dec-2025 09:30:49 UTC] 当前网关enabled：yes
[22-Dec-2025 09:30:49 UTC] 当前货币：USD
[22-Dec-2025 09:30:49 UTC] 订单金额：0.02
[22-Dec-2025 09:30:49 UTC] 虎皮椒支付：不支持当前货币 USD
[22-Dec-2025 09:41:26 UTC] 虎皮椒支付 is_available() 被调用
[22-Dec-2025 09:41:26 UTC] 父类返回：true
[22-Dec-2025 09:41:26 UTC] 当前网关enabled：yes
[22-Dec-2025 09:41:26 UTC] 当前货币：USD
[22-Dec-2025 09:41:26 UTC] 订单金额：0.02
[22-Dec-2025 09:41:26 UTC] 虎皮椒支付：不支持当前货币 USD
[22-Dec-2025 09:41:26 UTC] 虎皮椒支付 is_available() 被调用
[22-Dec-2025 09:41:26 UTC] 父类返回：true
[22-Dec-2025 09:41:26 UTC] 当前网关enabled：yes
[22-Dec-2025 09:41:26 UTC] 当前货币：USD
[22-Dec-2025 09:41:26 UTC] 订单金额：0.02
[22-Dec-2025 09:41:26 UTC] 虎皮椒支付：不支持当前货币 USD
[22-Dec-2025 09:41:28 UTC] 虎皮椒支付 is_available() 被调用
[22-Dec-2025 09:41:28 UTC] 父类返回：true
[22-Dec-2025 09:41:28 UTC] 当前网关enabled：yes
[22-Dec-2025 09:41:28 UTC] 当前货币：USD
[22-Dec-2025 09:41:28 UTC] 订单金额：0.02
[22-Dec-2025 09:41:28 UTC] 虎皮椒支付：不支持当前货币 USD
[22-Dec-2025 09:43:20 UTC] 虎皮椒支付 is_available() 被调用
[22-Dec-2025 09:43:20 UTC] 父类返回：true
[22-Dec-2025 09:43:20 UTC] 当前网关enabled：yes
[22-Dec-2025 09:43:20 UTC] 当前货币：USD
[22-Dec-2025 09:43:20 UTC] 订单金额：0.02
[22-Dec-2025 09:43:20 UTC] 虎皮椒支付：不支持当前货币 USD
[22-Dec-2025 09:43:20 UTC] 虎皮椒支付 is_available() 被调用
[22-Dec-2025 09:43:20 UTC] 父类返回：true
[22-Dec-2025 09:43:20 UTC] 当前网关enabled：yes
[22-Dec-2025 09:43:20 UTC] 当前货币：USD
[22-Dec-2025 09:43:20 UTC] 订单金额：0.02
[22-Dec-2025 09:43:20 UTC] 虎皮椒支付：不支持当前货币 USD
[22-Dec-2025 09:43:22 UTC] 虎皮椒支付 is_available() 被调用
[22-Dec-2025 09:43:22 UTC] 父类返回：true
[22-Dec-2025 09:43:22 UTC] 当前网关enabled：yes
[22-Dec-2025 09:43:22 UTC] 当前货币：USD
[22-Dec-2025 09:43:22 UTC] 订单金额：0.02
[22-Dec-2025 09:43:22 UTC] 虎皮椒支付：不支持当前货币 USD
[22-Dec-2025 09:43:26 UTC] 虎皮椒支付 is_available() 被调用
[22-Dec-2025 09:43:26 UTC] 父类返回：true
[22-Dec-2025 09:43:26 UTC] 当前网关enabled：yes
[22-Dec-2025 09:43:26 UTC] 当前货币：USD
[22-Dec-2025 09:43:26 UTC] 订单金额：0.02
[22-Dec-2025 09:43:26 UTC] 虎皮椒支付：不支持当前货币 USD
[22-Dec-2025 09:43:26 UTC] 虎皮椒支付 is_available() 被调用
[22-Dec-2025 09:43:26 UTC] 父类返回：true
[22-Dec-2025 09:43:26 UTC] 当前网关enabled：yes
[22-Dec-2025 09:43:26 UTC] 当前货币：USD
[22-Dec-2025 09:43:26 UTC] 订单金额：0.02
[22-Dec-2025 09:43:26 UTC] 虎皮椒支付：不支持当前货币 USD
[22-Dec-2025 09:43:27 UTC] 虎皮椒支付 is_available() 被调用
[22-Dec-2025 09:43:27 UTC] 父类返回：true
[22-Dec-2025 09:43:27 UTC] 当前网关enabled：yes
[22-Dec-2025 09:43:27 UTC] 当前货币：USD
[22-Dec-2025 09:43:27 UTC] 订单金额：0.02
[22-Dec-2025 09:43:27 UTC] 虎皮椒支付：不支持当前货币 USD
[22-Dec-2025 09:43:34 UTC] 虎皮椒支付 is_available() 被调用
[22-Dec-2025 09:43:34 UTC] 父类返回：true
[22-Dec-2025 09:43:34 UTC] 当前网关enabled：yes
[22-Dec-2025 09:43:34 UTC] 当前货币：USD
[22-Dec-2025 09:43:34 UTC] 订单金额：0.02
[22-Dec-2025 09:43:34 UTC] 虎皮椒支付：不支持当前货币 USD
[22-Dec-2025 09:43:34 UTC] 虎皮椒支付 is_available() 被调用
[22-Dec-2025 09:43:34 UTC] 父类返回：true
[22-Dec-2025 09:43:34 UTC] 当前网关enabled：yes
[22-Dec-2025 09:43:34 UTC] 当前货币：USD
[22-Dec-2025 09:43:34 UTC] 订单金额：0.02
[22-Dec-2025 09:43:34 UTC] 虎皮椒支付：不支持当前货币 USD
[22-Dec-2025 09:43:46 UTC] 虎皮椒支付 is_available() 被调用
[22-Dec-2025 09:43:46 UTC] 父类返回：true
[22-Dec-2025 09:43:46 UTC] 当前网关enabled：yes
[22-Dec-2025 09:43:46 UTC] 当前货币：USD
[22-Dec-2025 09:43:46 UTC] 订单金额：0
[22-Dec-2025 09:43:46 UTC] 虎皮椒支付：不支持当前货币 USD
[22-Dec-2025 09:44:02 UTC] 虎皮椒支付 is_available() 被调用
[22-Dec-2025 09:44:02 UTC] 父类返回：true
[22-Dec-2025 09:44:02 UTC] 当前网关enabled：yes
[22-Dec-2025 09:44:02 UTC] 当前货币：USD
[22-Dec-2025 09:44:02 UTC] 订单金额：0.02
[22-Dec-2025 09:44:02 UTC] 虎皮椒支付：不支持当前货币 USD
[22-Dec-2025 09:44:03 UTC] 虎皮椒支付 is_available() 被调用
[22-Dec-2025 09:44:03 UTC] 父类返回：true
[22-Dec-2025 09:44:03 UTC] 当前网关enabled：yes
[22-Dec-2025 09:44:03 UTC] 当前货币：USD
[22-Dec-2025 09:44:03 UTC] 订单金额：0.02
[22-Dec-2025 09:44:03 UTC] 虎皮椒支付：不支持当前货币 USD
[22-Dec-2025 09:45:09 UTC] 虎皮椒支付 is_available() 被调用
[22-Dec-2025 09:45:09 UTC] 父类返回：true
[22-Dec-2025 09:45:09 UTC] 当前网关enabled：yes
[22-Dec-2025 09:45:09 UTC] 当前货币：USD
[22-Dec-2025 09:45:09 UTC] 订单金额：0.02
[22-Dec-2025 09:45:09 UTC] 虎皮椒支付：不支持当前货币 USD
[22-Dec-2025 09:45:09 UTC] 虎皮椒支付 is_available() 被调用
[22-Dec-2025 09:45:09 UTC] 父类返回：true
[22-Dec-2025 09:45:09 UTC] 当前网关enabled：yes
[22-Dec-2025 09:45:09 UTC] 当前货币：USD
[22-Dec-2025 09:45:09 UTC] 订单金额：0.02
[22-Dec-2025 09:45:09 UTC] 虎皮椒支付：不支持当前货币 USD
[22-Dec-2025 09:45:10 UTC] 虎皮椒支付 is_available() 被调用
[22-Dec-2025 09:45:10 UTC] 父类返回：true
[22-Dec-2025 09:45:10 UTC] 当前网关enabled：yes
[22-Dec-2025 09:45:10 UTC] 当前货币：USD
[22-Dec-2025 09:45:10 UTC] 订单金额：0.02
[22-Dec-2025 09:45:10 UTC] 虎皮椒支付：不支持当前货币 USD
[22-Dec-2025 09:45:14 UTC] 虎皮椒支付 is_available() 被调用
[22-Dec-2025 09:45:14 UTC] 父类返回：true
[22-Dec-2025 09:45:14 UTC] 当前网关enabled：yes
[22-Dec-2025 09:45:14 UTC] 当前货币：USD
[22-Dec-2025 09:45:14 UTC] 订单金额：0.02
[22-Dec-2025 09:45:14 UTC] 虎皮椒支付：不支持当前货币 USD
[22-Dec-2025 09:45:14 UTC] 虎皮椒支付 is_available() 被调用
[22-Dec-2025 09:45:14 UTC] 父类返回：true
[22-Dec-2025 09:45:14 UTC] 当前网关enabled：yes
[22-Dec-2025 09:45:14 UTC] 当前货币：USD
[22-Dec-2025 09:45:14 UTC] 订单金额：0.02
[22-Dec-2025 09:45:14 UTC] 虎皮椒支付：不支持当前货币 USD
[22-Dec-2025 09:45:15 UTC] 虎皮椒支付 is_available() 被调用
[22-Dec-2025 09:45:15 UTC] 父类返回：true
[22-Dec-2025 09:45:15 UTC] 当前网关enabled：yes
[22-Dec-2025 09:45:15 UTC] 当前货币：USD
[22-Dec-2025 09:45:15 UTC] 订单金额：0.02
[22-Dec-2025 09:45:15 UTC] 虎皮椒支付：不支持当前货币 USD
[22-Dec-2025 09:45:23 UTC] 虎皮椒支付 is_available() 被调用
[22-Dec-2025 09:45:23 UTC] 父类返回：true
[22-Dec-2025 09:45:23 UTC] 当前网关enabled：yes
[22-Dec-2025 09:45:23 UTC] 当前货币：USD
[22-Dec-2025 09:45:23 UTC] 订单金额：0.02
[22-Dec-2025 09:45:23 UTC] 虎皮椒支付：不支持当前货币 USD
[22-Dec-2025 09:45:23 UTC] 虎皮椒支付 is_available() 被调用
[22-Dec-2025 09:45:23 UTC] 父类返回：true
[22-Dec-2025 09:45:23 UTC] 当前网关enabled：yes
[22-Dec-2025 09:45:23 UTC] 当前货币：USD
[22-Dec-2025 09:45:23 UTC] 订单金额：0.02
[22-Dec-2025 09:45:23 UTC] 虎皮椒支付：不支持当前货币 USD
[22-Dec-2025 09:45:24 UTC] 虎皮椒支付 is_available() 被调用
[22-Dec-2025 09:45:24 UTC] 父类返回：true
[22-Dec-2025 09:45:24 UTC] 当前网关enabled：yes
[22-Dec-2025 09:45:24 UTC] 当前货币：USD
[22-Dec-2025 09:45:24 UTC] 订单金额：0.02
[22-Dec-2025 09:45:24 UTC] 虎皮椒支付：不支持当前货币 USD
[22-Dec-2025 09:45:33 UTC] 虎皮椒支付 is_available() 被调用
[22-Dec-2025 09:45:33 UTC] 父类返回：true
[22-Dec-2025 09:45:33 UTC] 当前网关enabled：yes
[22-Dec-2025 09:45:33 UTC] 当前货币：USD
[22-Dec-2025 09:45:33 UTC] 订单金额：0.02
[22-Dec-2025 09:45:33 UTC] 虎皮椒支付：不支持当前货币 USD
[22-Dec-2025 09:45:33 UTC] 虎皮椒支付 is_available() 被调用
[22-Dec-2025 09:45:33 UTC] 父类返回：true
[22-Dec-2025 09:45:33 UTC] 当前网关enabled：yes
[22-Dec-2025 09:45:33 UTC] 当前货币：USD
[22-Dec-2025 09:45:33 UTC] 订单金额：0.02
[22-Dec-2025 09:45:33 UTC] 虎皮椒支付：不支持当前货币 USD
[22-Dec-2025 09:45:34 UTC] 虎皮椒支付 is_available() 被调用
[22-Dec-2025 09:45:34 UTC] 父类返回：true
[22-Dec-2025 09:45:34 UTC] 当前网关enabled：yes
[22-Dec-2025 09:45:34 UTC] 当前货币：USD
[22-Dec-2025 09:45:34 UTC] 订单金额：0.02
[22-Dec-2025 09:45:34 UTC] 虎皮椒支付：不支持当前货币 USD
[22-Dec-2025 09:45:44 UTC] 虎皮椒支付 is_available() 被调用
[22-Dec-2025 09:45:44 UTC] 父类返回：true
[22-Dec-2025 09:45:44 UTC] 当前网关enabled：yes
[22-Dec-2025 09:45:44 UTC] 当前货币：USD
[22-Dec-2025 09:45:44 UTC] 订单金额：0.02
[22-Dec-2025 09:45:44 UTC] 虎皮椒支付：不支持当前货币 USD
[22-Dec-2025 09:45:44 UTC] 虎皮椒支付 is_available() 被调用
[22-Dec-2025 09:45:44 UTC] 父类返回：true
[22-Dec-2025 09:45:44 UTC] 当前网关enabled：yes
[22-Dec-2025 09:45:44 UTC] 当前货币：USD
[22-Dec-2025 09:45:44 UTC] 订单金额：0.02
[22-Dec-2025 09:45:44 UTC] 虎皮椒支付：不支持当前货币 USD
[22-Dec-2025 09:48:13 UTC] 虎皮椒支付 is_available() 被调用
[22-Dec-2025 09:48:13 UTC] 父类返回：true
[22-Dec-2025 09:48:13 UTC] 当前网关enabled：yes
[22-Dec-2025 09:48:13 UTC] 当前货币：USD
[22-Dec-2025 09:48:13 UTC] 订单金额：0
[22-Dec-2025 09:48:13 UTC] 虎皮椒支付：不支持当前货币 USD
[22-Dec-2025 09:51:20 UTC] 虎皮椒支付 is_available() 被调用
[22-Dec-2025 09:51:20 UTC] 父类返回：true
[22-Dec-2025 09:51:20 UTC] 当前网关enabled：yes
[22-Dec-2025 09:51:20 UTC] 当前货币：USD
[22-Dec-2025 09:51:20 UTC] 订单金额：0.02
[22-Dec-2025 09:51:20 UTC] 虎皮椒支付：不支持当前货币 USD
[22-Dec-2025 09:51:20 UTC] 虎皮椒支付 is_available() 被调用
[22-Dec-2025 09:51:20 UTC] 父类返回：true
[22-Dec-2025 09:51:20 UTC] 当前网关enabled：yes
[22-Dec-2025 09:51:20 UTC] 当前货币：USD
[22-Dec-2025 09:51:20 UTC] 订单金额：0.02
[22-Dec-2025 09:51:20 UTC] 虎皮椒支付：不支持当前货币 USD
[22-Dec-2025 09:51:26 UTC] 虎皮椒支付 is_available() 被调用
[22-Dec-2025 09:51:26 UTC] 父类返回：true
[22-Dec-2025 09:51:26 UTC] 当前网关enabled：yes
[22-Dec-2025 09:51:26 UTC] 当前货币：USD
[22-Dec-2025 09:51:26 UTC] 订单金额：0.02
[22-Dec-2025 09:51:26 UTC] 虎皮椒支付：不支持当前货币 USD
[22-Dec-2025 09:51:26 UTC] 虎皮椒支付 is_available() 被调用
[22-Dec-2025 09:51:26 UTC] 父类返回：true
[22-Dec-2025 09:51:26 UTC] 当前网关enabled：yes
[22-Dec-2025 09:51:26 UTC] 当前货币：USD
[22-Dec-2025 09:51:26 UTC] 订单金额：0.02
[22-Dec-2025 09:51:26 UTC] 虎皮椒支付：不支持当前货币 USD
[22-Dec-2025 09:51:27 UTC] 虎皮椒支付 is_available() 被调用
[22-Dec-2025 09:51:27 UTC] 父类返回：true
[22-Dec-2025 09:51:27 UTC] 当前网关enabled：yes
[22-Dec-2025 09:51:27 UTC] 当前货币：USD
[22-Dec-2025 09:51:27 UTC] 订单金额：0.02
[22-Dec-2025 09:51:27 UTC] 虎皮椒支付：不支持当前货币 USD
[22-Dec-2025 09:51:31 UTC] 虎皮椒支付 is_available() 被调用
[22-Dec-2025 09:51:31 UTC] 父类返回：true
[22-Dec-2025 09:51:31 UTC] 当前网关enabled：yes
[22-Dec-2025 09:51:31 UTC] 当前货币：USD
[22-Dec-2025 09:51:31 UTC] 订单金额：0.02
[22-Dec-2025 09:51:31 UTC] 虎皮椒支付：不支持当前货币 USD
[22-Dec-2025 09:51:31 UTC] 虎皮椒支付 is_available() 被调用
[22-Dec-2025 09:51:31 UTC] 父类返回：true
[22-Dec-2025 09:51:31 UTC] 当前网关enabled：yes
[22-Dec-2025 09:51:31 UTC] 当前货币：USD
[22-Dec-2025 09:51:31 UTC] 订单金额：0.02
[22-Dec-2025 09:51:31 UTC] 虎皮椒支付：不支持当前货币 USD
[22-Dec-2025 09:51:32 UTC] 虎皮椒支付 is_available() 被调用
[22-Dec-2025 09:51:32 UTC] 父类返回：true
[22-Dec-2025 09:51:32 UTC] 当前网关enabled：yes
[22-Dec-2025 09:51:32 UTC] 当前货币：USD
[22-Dec-2025 09:51:32 UTC] 订单金额：0.02
[22-Dec-2025 09:51:32 UTC] 虎皮椒支付：不支持当前货币 USD
