2026-02-24T08:25:53+00:00 INFO Get access token Request: https://api.sandbox.paypal.com/v1/oauth2/token/
2026-02-24T08:25:53+00:00 INFO Response Code: 200
2026-02-24T08:25:53+00:00 INFO Response Message: OK
2026-02-24T08:25:53+00:00 INFO Response Body: Array
(
    [scope] => https://uri.paypal.com/services/checkout/one-click-with-merchant-issued-token https://uri.paypal.com/services/payments/partnerfee https://uri.paypal.com/services/payments/futurepayments https://uri.paypal.com/services/invoicing https://uri.paypal.com/services/vault/payment-tokens/read https://uri.paypal.com/services/disputes/read-buyer https://uri.paypal.com/services/payments/realtimepayment https://uri.paypal.com/services/disputes/update-seller https://uri.paypal.com/services/payments/payment/authcapture openid https://uri.paypal.com/services/disputes/read-seller Braintree:Vault https://uri.paypal.com/services/payments/refund https://api.paypal.com/v1/vault/credit-card https://api.paypal.com/v1/payments/.* https://uri.paypal.com/services/reporting/search/read https://uri.paypal.com/services/payments/initiatepayment https://uri.paypal.com/payments/payouts https://uri.paypal.com/services/vault/payment-tokens/readwrite https://api.paypal.com/v1/vault/credit-card/.* https://uri.paypal.com/services/shipping/trackers/readwrite https://uri.paypal.com/services/subscriptions https://uri.paypal.com/services/applications/webhooks
    [access_token] => A21AAJYnrTIhP5pT5QHnu-BrmYt8H7Ae7yULtUxeGeuxwHkN_FleAQaIJHz8sYdGme60xvsxge5N7dgb5fJ773KbuiG6Q6_Uw
    [token_type] => Bearer
    [app_id] => APP-1T576138U23229253
    [expires_in] => 32400
    [nonce] => 2026-02-24T08:25:52ZHyj1SgkDTViXBCjqJLfovEJ5GxEQnWyEdtVm1sWLwn0
)
2026-02-24T08:25:53+00:00 INFO seller_onboarding_status : https://api-m.sandbox.paypal.com/v1/customer/partners/K6QLN2LPGQRHL/merchant-integrations/9C4B4VMK34FKG
2026-02-24T08:25:55+00:00 INFO Error Message : cURL error 6: Could not resolve host: api-m.sandbox.paypal.com
2026-02-24T08:49:49+00:00 INFO Get access token Request: https://api.sandbox.paypal.com/v1/oauth2/token/
2026-02-24T08:49:49+00:00 INFO Error Message: cURL error 6: Could not resolve host: api.sandbox.paypal.com
2026-02-24T09:07:49+00:00 INFO Get access token Request: https://api.sandbox.paypal.com/v1/oauth2/token/
2026-02-24T09:07:49+00:00 INFO Response Code: 200
2026-02-24T09:07:49+00:00 INFO Response Message: OK
2026-02-24T09:07:49+00:00 INFO Response Body: Array
(
    [scope] => https://uri.paypal.com/services/checkout/one-click-with-merchant-issued-token https://uri.paypal.com/services/payments/partnerfee https://uri.paypal.com/services/payments/futurepayments https://uri.paypal.com/services/invoicing https://uri.paypal.com/services/vault/payment-tokens/read https://uri.paypal.com/services/disputes/read-buyer https://uri.paypal.com/services/payments/realtimepayment https://uri.paypal.com/services/disputes/update-seller https://uri.paypal.com/services/payments/payment/authcapture openid https://uri.paypal.com/services/disputes/read-seller Braintree:Vault https://uri.paypal.com/services/payments/refund https://api.paypal.com/v1/vault/credit-card https://api.paypal.com/v1/payments/.* https://uri.paypal.com/services/reporting/search/read https://uri.paypal.com/services/payments/initiatepayment https://uri.paypal.com/payments/payouts https://uri.paypal.com/services/vault/payment-tokens/readwrite https://api.paypal.com/v1/vault/credit-card/.* https://uri.paypal.com/services/shipping/trackers/readwrite https://uri.paypal.com/services/subscriptions https://uri.paypal.com/services/applications/webhooks
    [access_token] => A21AAJ3ngMJitv_Yts-GXe9Wn5tY00PaYD-HNpSYXSdA3J5KfKyAjIjPJDulGtm5GxASElsWhEX3Fs-qdYfPnf5wm1mrYdrlg
    [token_type] => Bearer
    [app_id] => APP-1T576138U23229253
    [expires_in] => 32400
    [nonce] => 2026-02-24T09:07:49ZyFcgzHWCOnsjiASipDQv0qMT7gj9HPXNOo9sKviM77I
)
2026-02-24T09:07:49+00:00 INFO seller_onboarding_status : https://api-m.sandbox.paypal.com/v1/customer/partners/K6QLN2LPGQRHL/merchant-integrations/9C4B4VMK34FKG
2026-02-24T09:07:51+00:00 INFO Error Message : cURL error 6: Could not resolve host: api-m.sandbox.paypal.com
2026-02-24T09:17:52+00:00 INFO Get access token Request: https://api.sandbox.paypal.com/v1/oauth2/token/
2026-02-24T09:17:52+00:00 INFO Error Message: cURL error 28: SSL connection timeout
2026-02-24T09:54:57+00:00 INFO Get access token Request: https://api.sandbox.paypal.com/v1/oauth2/token/
2026-02-24T09:54:57+00:00 INFO Response Code: 200
2026-02-24T09:54:57+00:00 INFO Response Message: OK
2026-02-24T09:54:57+00:00 INFO Response Body: Array
(
    [scope] => https://uri.paypal.com/services/checkout/one-click-with-merchant-issued-token https://uri.paypal.com/services/payments/partnerfee https://uri.paypal.com/services/payments/futurepayments https://uri.paypal.com/services/invoicing https://uri.paypal.com/services/vault/payment-tokens/read https://uri.paypal.com/services/disputes/read-buyer https://uri.paypal.com/services/payments/realtimepayment https://uri.paypal.com/services/disputes/update-seller https://uri.paypal.com/services/payments/payment/authcapture openid https://uri.paypal.com/services/disputes/read-seller Braintree:Vault https://uri.paypal.com/services/payments/refund https://api.paypal.com/v1/vault/credit-card https://api.paypal.com/v1/payments/.* https://uri.paypal.com/services/reporting/search/read https://uri.paypal.com/services/payments/initiatepayment https://uri.paypal.com/payments/payouts https://uri.paypal.com/services/vault/payment-tokens/readwrite https://api.paypal.com/v1/vault/credit-card/.* https://uri.paypal.com/services/shipping/trackers/readwrite https://uri.paypal.com/services/subscriptions https://uri.paypal.com/services/applications/webhooks
    [access_token] => A21AAJ3ngMJitv_Yts-GXe9Wn5tY00PaYD-HNpSYXSdA3J5KfKyAjIjPJDulGtm5GxASElsWhEX3Fs-qdYfPnf5wm1mrYdrlg
    [token_type] => Bearer
    [app_id] => APP-1T576138U23229253
    [expires_in] => 29572
    [nonce] => 2026-02-24T09:07:49ZyFcgzHWCOnsjiASipDQv0qMT7gj9HPXNOo9sKviM77I
)
2026-02-24T09:54:57+00:00 INFO seller_onboarding_status : https://api-m.sandbox.paypal.com/v1/customer/partners/K6QLN2LPGQRHL/merchant-integrations/9C4B4VMK34FKG
2026-02-24T09:55:00+00:00 INFO Response Code: 200
2026-02-24T09:55:00+00:00 INFO Response Message: OK
2026-02-24T09:55:00+00:00 INFO Response Body: {"merchant_id":"9C4B4VMK34FKG","tracking_id":"sb-8bqbe48262907@business.example.com","products":[{"name":"PPCP_STANDARD","vetting_status":"SUBSCRIBED","capabilities":["SUBSCRIPTIONS","PAYPAL_CHECKOUT","SPEND_FROM_BALANCE","GUEST_CHECKOUT","PAYPAL_CHECKOUT_ALTERNATIVE_PAYMENT_METHODS","SEND_INVOICE","WITHDRAW_FUNDS_TO_DOMESTIC_BANK","PAYPAL_CHECKOUT_PAY_WITH_PAYPAL_CREDIT"]},{"name":"PPCP_CUSTOM","vetting_status":"SUBSCRIBED","capabilities":["COMMERCIAL_ENTITY","FRAUD_TOOL_ACCESS","AMEX_OPTBLUE","CUSTOM_CARD_PROCESSING"]},{"name":"EXPRESS_CHECKOUT","status":"ACTIVE"}],"capabilities":[{"name":"COMMERCIAL_ENTITY","status":"ACTIVE"},{"name":"SUBSCRIPTIONS","status":"ACTIVE"},{"name":"PAYPAL_CHECKOUT","status":"ACTIVE"},{"name":"SPEND_FROM_BALANCE","status":"ACTIVE"},{"name":"GUEST_CHECKOUT","status":"ACTIVE"},{"name":"FRAUD_TOOL_ACCESS","status":"ACTIVE"},{"name":"PAYPAL_CHECKOUT_ALTERNATIVE_PAYMENT_METHODS","status":"ACTIVE"},{"name":"AMEX_OPTBLUE","status":"ACTIVE"},{"name":"SEND_INVOICE","status":"ACTIVE"},{"name":"CUSTOM_CARD_PROCESSING","status":"ACTIVE"},{"name":"WITHDRAW_FUNDS_TO_DOMESTIC_BANK","status":"ACTIVE"},{"name":"PAYPAL_CHECKOUT_PAY_WITH_PAYPAL_CREDIT","status":"ACTIVE"},{"name":"PAYPAL_WALLET_VAULTING_ADVANCED","status":"ACTIVE"}],"payments_receivable":true,"legal_name":"Test Store","primary_email":"sb-8bqbe48262907@business.example.com","primary_email_confirmed":true,"country":"C2"}
